<?xml version="1.0" encoding="UTF-8" ?>
<testsuite failures="0" time="0.003" errors="0" skipped="0" tests="1" name="com.xiongyingqi.ConnectionTest">
  <properties>
    <property name="java.runtime.name" value="Java(TM) SE Runtime Environment"/>
    <property name="sun.boot.library.path" value="D:\software\Java\jdk1.7.6_64bit\jre\bin"/>
    <property name="java.vm.version" value="23.2-b09"/>
    <property name="java.vm.vendor" value="Oracle Corporation"/>
    <property name="java.vendor.url" value="http://java.oracle.com/"/>
    <property name="path.separator" value=";"/>
    <property name="guice.disable.misplaced.annotation.check" value="true"/>
    <property name="java.vm.name" value="Java HotSpot(TM) 64-Bit Server VM"/>
    <property name="file.encoding.pkg" value="sun.io"/>
    <property name="idea.launcher.port" value="7539"/>
    <property name="user.script" value=""/>
    <property name="user.country" value="CN"/>
    <property name="sun.java.launcher" value="SUN_STANDARD"/>
    <property name="sun.os.patch.level" value=""/>
    <property name="java.vm.specification.name" value="Java Virtual Machine Specification"/>
    <property name="user.dir" value="D:\workspace_JavaSELearns\SpringLdap"/>
    <property name="java.runtime.version" value="1.7.0_06-b24"/>
    <property name="java.awt.graphicsenv" value="sun.awt.Win32GraphicsEnvironment"/>
    <property name="java.endorsed.dirs" value="D:\software\Java\jdk1.7.6_64bit\jre\lib\endorsed"/>
    <property name="os.arch" value="amd64"/>
    <property name="java.io.tmpdir" value="C:\Users\BLADE_~1\AppData\Local\Temp\"/>
    <property name="line.separator" value="
"/>
    <property name="java.vm.specification.vendor" value="Oracle Corporation"/>
    <property name="user.variant" value=""/>
    <property name="os.name" value="Windows 8"/>
    <property name="classworlds.conf" value="D:\software\apache-maven-3.1.1\bin\m2.conf"/>
    <property name="sun.jnu.encoding" value="GBK"/>
    <property name="java.library.path" value="D:\software\Java\jdk1.7.6_64bit\bin;C:\Windows\Sun\Java\bin;C:\Windows\system32;C:\Windows;D:\software\apache-maven-3.1.1\bin;D:\software\apache-ant-1.9.3\bin;D:\software\RailsInstaller\Ruby1.9.3\bin;D:\software\Java\jdk1.7.6_64bit\bin;D:\software\Java\jdk1.7.6_64bit\jre\bin;d:\software\ImageMagick;C:\Program Files (x86)\NVIDIA Corporation\PhysX\Common;C:\Program Files (x86)\Intel\iCLS Client\;C:\Program Files\Intel\iCLS Client\;C:\Windows\system32;C:\Windows;C:\Windows\System32\Wbem;C:\Windows\System32\WindowsPowerShell\v1.0\;C:\Program Files\Intel\Intel(R) Management Engine Components\DAL;C:\Program Files\Intel\Intel(R) Management Engine Components\IPT;C:\Program Files (x86)\Intel\Intel(R) Management Engine Components\DAL;C:\Program Files (x86)\Intel\Intel(R) Management Engine Components\IPT;d:\software\Git\cmd;d:\software\Git\bin;C:\Program Files\TortoiseSVN\bin;C:\Program Files (x86)\Windows Kits\8.0\Windows Performance Toolkit\;C:\Program Files\Microsoft SQL Server\110\Tools\Binn\;D:\software\excelserver;."/>
    <property name="java.specification.name" value="Java Platform API Specification"/>
    <property name="java.class.version" value="51.0"/>
    <property name="sun.management.compiler" value="HotSpot 64-Bit Tiered Compilers"/>
    <property name="maven.repo.local" value="D:\software\apache-maven-3.1.1\repository"/>
    <property name="os.version" value="6.2"/>
    <property name="user.home" value="C:\Users\blade_000"/>
    <property name="user.timezone" value="Asia/Shanghai"/>
    <property name="java.awt.printerjob" value="sun.awt.windows.WPrinterJob"/>
    <property name="java.specification.version" value="1.7"/>
    <property name="idea.launcher.bin.path" value="D:\software\JetBrains\IntelliJ IDEA 13.0.1\bin"/>
    <property name="file.encoding" value="UTF-8"/>
    <property name="user.name" value="xiongyingqi"/>
    <property name="java.class.path" value="D:\software\apache-maven-3.1.1\boot\plexus-classworlds-2.5.1.jar;D:\software\JetBrains\IntelliJ IDEA 13.0.1\lib\idea_rt.jar"/>
    <property name="org.slf4j.simpleLogger.defaultLogLevel" value="info"/>
    <property name="java.vm.specification.version" value="1.7"/>
    <property name="sun.arch.data.model" value="64"/>
    <property name="java.home" value="D:\software\Java\jdk1.7.6_64bit\jre"/>
    <property name="sun.java.command" value="com.intellij.rt.execution.application.AppMain org.codehaus.classworlds.Launcher -s D:\software\apache-maven-3.1.1\conf\settings.xml -Dmaven.repo.local=D:\software\apache-maven-3.1.1\repository clean install"/>
    <property name="java.specification.vendor" value="Oracle Corporation"/>
    <property name="user.language" value="zh"/>
    <property name="awt.toolkit" value="sun.awt.windows.WToolkit"/>
    <property name="java.vm.info" value="mixed mode"/>
    <property name="java.version" value="1.7.0_06"/>
    <property name="java.ext.dirs" value="D:\software\Java\jdk1.7.6_64bit\jre\lib\ext;C:\Windows\Sun\Java\lib\ext"/>
    <property name="sun.boot.class.path" value="D:\software\Java\jdk1.7.6_64bit\jre\lib\resources.jar;D:\software\Java\jdk1.7.6_64bit\jre\lib\rt.jar;D:\software\Java\jdk1.7.6_64bit\jre\lib\sunrsasign.jar;D:\software\Java\jdk1.7.6_64bit\jre\lib\jsse.jar;D:\software\Java\jdk1.7.6_64bit\jre\lib\jce.jar;D:\software\Java\jdk1.7.6_64bit\jre\lib\charsets.jar;D:\software\Java\jdk1.7.6_64bit\jre\lib\jfr.jar;D:\software\Java\jdk1.7.6_64bit\jre\classes"/>
    <property name="java.vendor" value="Oracle Corporation"/>
    <property name="maven.home" value="D:\software\apache-maven-3.1.1"/>
    <property name="file.separator" value="\"/>
    <property name="java.vendor.url.bug" value="http://bugreport.sun.com/bugreport/"/>
    <property name="sun.cpu.endian" value="little"/>
    <property name="sun.io.unicode.encoding" value="UnicodeLittle"/>
    <property name="sun.desktop" value="windows"/>
    <property name="sun.cpu.isalist" value="amd64"/>
  </properties>
  <testcase time="0.003" classname="com.xiongyingqi.ConnectionTest" name="testAdd"/>
</testsuite>